0 info it worked if it ends with ok
1 verbose cli [ '/usr/bin/node', '/usr/bin/npm', 'i', 'node' ]
2 info using npm@3.10.10
3 info using node@v6.14.1
4 silly loadCurrentTree Starting
5 silly install loadCurrentTree
6 silly install readLocalPackageData
7 silly fetchPackageMetaData node
8 silly fetchNamedPackageData node
9 silly mapToRegistry name node
10 silly mapToRegistry using default registry
11 silly mapToRegistry registry https://registry.npmjs.org/
12 silly mapToRegistry data Result {
12 silly mapToRegistry   raw: 'node',
12 silly mapToRegistry   scope: null,
12 silly mapToRegistry   escapedName: 'node',
12 silly mapToRegistry   name: 'node',
12 silly mapToRegistry   rawSpec: '',
12 silly mapToRegistry   spec: 'latest',
12 silly mapToRegistry   type: 'tag' }
13 silly mapToRegistry uri https://registry.npmjs.org/node
14 verbose get https://registry.npmjs.org/node not expired, no request
15 silly install normalizeTree
16 silly loadCurrentTree Finishing
17 silly loadIdealTree Starting
18 silly install loadIdealTree
19 silly cloneCurrentTree Starting
20 silly install cloneCurrentTreeToIdealTree
21 silly cloneCurrentTree Finishing
22 silly loadShrinkwrap Starting
23 silly install loadShrinkwrap
24 silly loadShrinkwrap Finishing
25 silly loadAllDepsIntoIdealTree Starting
26 silly install loadAllDepsIntoIdealTree
27 silly resolveWithNewModule node@10.6.0 checking installable status
28 silly cache add args [ 'node', null ]
29 verbose cache add spec node
30 silly cache add parsed spec Result {
30 silly cache add   raw: 'node',
30 silly cache add   scope: null,
30 silly cache add   escapedName: 'node',
30 silly cache add   name: 'node',
30 silly cache add   rawSpec: '',
30 silly cache add   spec: 'latest',
30 silly cache add   type: 'tag' }
31 silly addNamed node@latest
32 verbose addNamed "latest" is being treated as a dist-tag for node
33 info addNameTag [ 'node', 'latest' ]
34 silly mapToRegistry name node
35 silly mapToRegistry using default registry
36 silly mapToRegistry registry https://registry.npmjs.org/
37 silly mapToRegistry data Result {
37 silly mapToRegistry   raw: 'node',
37 silly mapToRegistry   scope: null,
37 silly mapToRegistry   escapedName: 'node',
37 silly mapToRegistry   name: 'node',
37 silly mapToRegistry   rawSpec: '',
37 silly mapToRegistry   spec: 'latest',
37 silly mapToRegistry   type: 'tag' }
38 silly mapToRegistry uri https://registry.npmjs.org/node
39 verbose addNameTag registry:https://registry.npmjs.org/node not in flight; fetching
40 verbose get https://registry.npmjs.org/node not expired, no request
41 silly addNameTag next cb for node with tag latest
42 silly addNamed node@10.6.0
43 verbose addNamed "10.6.0" is a plain semver version for node
44 silly cache afterAdd node@10.6.0
45 verbose afterAdd /home/c/pfsmagalhaes/.npm/node/10.6.0/package/package.json not in flight; writing
46 verbose correctMkdir /home/c/pfsmagalhaes/.npm correctMkdir not in flight; initializing
47 verbose afterAdd /home/c/pfsmagalhaes/.npm/node/10.6.0/package/package.json written
48 silly fetchNamedPackageData node-bin-setup
49 silly mapToRegistry name node-bin-setup
50 silly mapToRegistry using default registry
51 silly mapToRegistry registry https://registry.npmjs.org/
52 silly mapToRegistry data Result {
52 silly mapToRegistry   raw: 'node-bin-setup',
52 silly mapToRegistry   scope: null,
52 silly mapToRegistry   escapedName: 'node-bin-setup',
52 silly mapToRegistry   name: 'node-bin-setup',
52 silly mapToRegistry   rawSpec: '',
52 silly mapToRegistry   spec: 'latest',
52 silly mapToRegistry   type: 'tag' }
53 silly mapToRegistry uri https://registry.npmjs.org/node-bin-setup
54 verbose get https://registry.npmjs.org/node-bin-setup not expired, no request
55 silly resolveWithNewModule node-bin-setup@1.0.6 checking installable status
56 silly cache add args [ 'node-bin-setup@^1.0.0', null ]
57 verbose cache add spec node-bin-setup@^1.0.0
58 silly cache add parsed spec Result {
58 silly cache add   raw: 'node-bin-setup@^1.0.0',
58 silly cache add   scope: null,
58 silly cache add   escapedName: 'node-bin-setup',
58 silly cache add   name: 'node-bin-setup',
58 silly cache add   rawSpec: '^1.0.0',
58 silly cache add   spec: '>=1.0.0 <2.0.0',
58 silly cache add   type: 'range' }
59 silly addNamed node-bin-setup@>=1.0.0 <2.0.0
60 verbose addNamed ">=1.0.0 <2.0.0" is a valid semver range for node-bin-setup
61 silly addNameRange { name: 'node-bin-setup',
61 silly addNameRange   range: '>=1.0.0 <2.0.0',
61 silly addNameRange   hasData: false }
62 silly mapToRegistry name node-bin-setup
63 silly mapToRegistry using default registry
64 silly mapToRegistry registry https://registry.npmjs.org/
65 silly mapToRegistry data Result {
65 silly mapToRegistry   raw: 'node-bin-setup',
65 silly mapToRegistry   scope: null,
65 silly mapToRegistry   escapedName: 'node-bin-setup',
65 silly mapToRegistry   name: 'node-bin-setup',
65 silly mapToRegistry   rawSpec: '',
65 silly mapToRegistry   spec: 'latest',
65 silly mapToRegistry   type: 'tag' }
66 silly mapToRegistry uri https://registry.npmjs.org/node-bin-setup
67 verbose addNameRange registry:https://registry.npmjs.org/node-bin-setup not in flight; fetching
68 verbose get https://registry.npmjs.org/node-bin-setup not expired, no request
69 silly addNameRange number 2 { name: 'node-bin-setup',
69 silly addNameRange   range: '>=1.0.0 <2.0.0',
69 silly addNameRange   hasData: true }
70 silly addNameRange versions [ 'node-bin-setup',
70 silly addNameRange   [ '1.0.0', '1.0.1', '1.0.2', '1.0.3', '1.0.4', '1.0.6' ] ]
71 silly addNamed node-bin-setup@1.0.6
72 verbose addNamed "1.0.6" is a plain semver version for node-bin-setup
73 silly cache afterAdd node-bin-setup@1.0.6
74 verbose afterAdd /home/c/pfsmagalhaes/.npm/node-bin-setup/1.0.6/package/package.json not in flight; writing
75 verbose correctMkdir /home/c/pfsmagalhaes/.npm correctMkdir not in flight; initializing
76 verbose afterAdd /home/c/pfsmagalhaes/.npm/node-bin-setup/1.0.6/package/package.json written
77 silly loadAllDepsIntoIdealTree Finishing
78 silly loadIdealTree Finishing
79 silly currentTree TestePostgre10
80 silly idealTree TestePostgre10
80 silly idealTree ├── node-bin-setup@1.0.6
80 silly idealTree └── node@10.6.0
81 silly generateActionsToTake Starting
82 silly install generateActionsToTake
83 silly generateActionsToTake Finishing
84 silly diffTrees action count 2
85 silly diffTrees add node-bin-setup@1.0.6
86 silly diffTrees add node@10.6.0
87 silly decomposeActions action count 16
88 silly decomposeActions fetch node-bin-setup@1.0.6
89 silly decomposeActions extract node-bin-setup@1.0.6
90 silly decomposeActions test node-bin-setup@1.0.6
91 silly decomposeActions preinstall node-bin-setup@1.0.6
92 silly decomposeActions build node-bin-setup@1.0.6
93 silly decomposeActions install node-bin-setup@1.0.6
94 silly decomposeActions postinstall node-bin-setup@1.0.6
95 silly decomposeActions finalize node-bin-setup@1.0.6
96 silly decomposeActions fetch node@10.6.0
97 silly decomposeActions extract node@10.6.0
98 silly decomposeActions test node@10.6.0
99 silly decomposeActions preinstall node@10.6.0
100 silly decomposeActions build node@10.6.0
101 silly decomposeActions install node@10.6.0
102 silly decomposeActions postinstall node@10.6.0
103 silly decomposeActions finalize node@10.6.0
104 silly runTopLevelLifecycles Starting
105 silly executeActions Starting
106 silly install executeActions
107 silly doSerial global-install 0
108 silly doParallel fetch 2
109 verbose correctMkdir /home/c/pfsmagalhaes/.npm/_locks correctMkdir not in flight; initializing
110 verbose lock using /home/c/pfsmagalhaes/.npm/_locks/staging-76d1840323b6d1f2.lock for /local/ProgramasLocais/PostgreSQLDocker/TestePostgre10/node_modules/.staging
111 silly doParallel extract 2
112 silly extract node-bin-setup@1.0.6
113 silly extract node@10.6.0
114 verbose unbuild node_modules/.staging/node-bin-setup-0ed19d71
115 verbose unbuild node_modules/.staging/node-bde151cf
116 silly gentlyRm /local/ProgramasLocais/PostgreSQLDocker/TestePostgre10/node_modules/.staging/node-bin-setup-0ed19d71 is being purged from base /local/ProgramasLocais/PostgreSQLDocker/TestePostgre10
117 verbose gentlyRm don't care about contents; nuking /local/ProgramasLocais/PostgreSQLDocker/TestePostgre10/node_modules/.staging/node-bin-setup-0ed19d71
118 silly gentlyRm /local/ProgramasLocais/PostgreSQLDocker/TestePostgre10/node_modules/.staging/node-bde151cf is being purged from base /local/ProgramasLocais/PostgreSQLDocker/TestePostgre10
119 verbose gentlyRm don't care about contents; nuking /local/ProgramasLocais/PostgreSQLDocker/TestePostgre10/node_modules/.staging/node-bde151cf
120 verbose tar unpack /home/c/pfsmagalhaes/.npm/node-bin-setup/1.0.6/package.tgz
121 verbose tar unpacking to /local/ProgramasLocais/PostgreSQLDocker/TestePostgre10/node_modules/.staging/node-bin-setup-0ed19d71
122 silly gentlyRm /local/ProgramasLocais/PostgreSQLDocker/TestePostgre10/node_modules/.staging/node-bin-setup-0ed19d71 is being purged
123 verbose gentlyRm don't care about contents; nuking /local/ProgramasLocais/PostgreSQLDocker/TestePostgre10/node_modules/.staging/node-bin-setup-0ed19d71
124 verbose tar unpack /home/c/pfsmagalhaes/.npm/node/10.6.0/package.tgz
125 verbose tar unpacking to /local/ProgramasLocais/PostgreSQLDocker/TestePostgre10/node_modules/.staging/node-bde151cf
126 silly gentlyRm /local/ProgramasLocais/PostgreSQLDocker/TestePostgre10/node_modules/.staging/node-bde151cf is being purged
127 verbose gentlyRm don't care about contents; nuking /local/ProgramasLocais/PostgreSQLDocker/TestePostgre10/node_modules/.staging/node-bde151cf
128 silly gunzTarPerm modes [ '755', '644' ]
129 silly gunzTarPerm modes [ '755', '644' ]
130 silly gunzTarPerm extractEntry package.json
131 silly gunzTarPerm extractEntry package.json
132 silly gunzTarPerm extractEntry index.js
133 silly gunzTarPerm extractEntry installArchSpecificPackage.js
134 silly gunzTarPerm extractEntry README.md
135 silly gentlyRm /local/ProgramasLocais/PostgreSQLDocker/TestePostgre10/node_modules/.staging/node-bin-setup-0ed19d71/node_modules is being purged
136 verbose gentlyRm don't care about contents; nuking /local/ProgramasLocais/PostgreSQLDocker/TestePostgre10/node_modules/.staging/node-bin-setup-0ed19d71/node_modules
137 silly gentlyRm /local/ProgramasLocais/PostgreSQLDocker/TestePostgre10/node_modules/.staging/node-bde151cf/node_modules is being purged
138 verbose gentlyRm don't care about contents; nuking /local/ProgramasLocais/PostgreSQLDocker/TestePostgre10/node_modules/.staging/node-bde151cf/node_modules
139 silly doParallel preinstall 2
140 silly preinstall node-bin-setup@1.0.6 /local/ProgramasLocais/PostgreSQLDocker/TestePostgre10/node_modules/.staging/node-bin-setup-0ed19d71
141 info lifecycle node-bin-setup@1.0.6~preinstall: node-bin-setup@1.0.6
142 silly preinstall node@10.6.0 /local/ProgramasLocais/PostgreSQLDocker/TestePostgre10/node_modules/.staging/node-bde151cf
143 info lifecycle node@10.6.0~preinstall: node@10.6.0
144 silly lifecycle node-bin-setup@1.0.6~preinstall: no script for preinstall, continuing
145 verbose lifecycle node@10.6.0~preinstall: unsafe-perm in lifecycle true
146 verbose lifecycle node@10.6.0~preinstall: PATH: /usr/lib/node_modules/npm/bin/node-gyp-bin:/local/ProgramasLocais/PostgreSQLDocker/TestePostgre10/node_modules/.staging/node-bde151cf/node_modules/.bin:/local/ProgramasLocais/PostgreSQLDocker/TestePostgre10/node_modules/.bin:/usr/local/sbin:/usr/local/bin:/usr/sbin:/usr/bin:/sbin:/bin:/usr/games:/usr/local/games:/snap/bin
147 verbose lifecycle node@10.6.0~preinstall: CWD: /local/ProgramasLocais/PostgreSQLDocker/TestePostgre10/node_modules/.staging/node-bde151cf
148 silly lifecycle node@10.6.0~preinstall: Args: [ '-c', 'node installArchSpecificPackage' ]
149 silly lifecycle node@10.6.0~preinstall: Returned: code: 1  signal: null
150 info lifecycle node@10.6.0~preinstall: Failed to exec preinstall script
151 verbose unlock done using /home/c/pfsmagalhaes/.npm/_locks/staging-76d1840323b6d1f2.lock for /local/ProgramasLocais/PostgreSQLDocker/TestePostgre10/node_modules/.staging
152 silly rollbackFailedOptional Starting
153 silly rollbackFailedOptional Finishing
154 silly runTopLevelLifecycles Finishing
155 silly install printInstalled
156 warn enoent ENOENT: no such file or directory, open '/local/ProgramasLocais/PostgreSQLDocker/TestePostgre10/package.json'
157 verbose enoent ENOENT: no such file or directory, open '/local/ProgramasLocais/PostgreSQLDocker/TestePostgre10/package.json'
157 verbose enoent This is most likely not a problem with npm itself
157 verbose enoent and is related to npm not being able to find a file.
158 warn TestePostgre10 No description
159 verbose If you need help, you may report this error at:
159 verbose     <https://github.com/npm/npm/issues>
160 warn TestePostgre10 No repository field.
161 verbose If you need help, you may report this error at:
161 verbose     <https://github.com/npm/npm/issues>
162 warn TestePostgre10 No README data
163 verbose If you need help, you may report this error at:
163 verbose     <https://github.com/npm/npm/issues>
164 warn TestePostgre10 No license field.
165 verbose If you need help, you may report this error at:
165 verbose     <https://github.com/npm/npm/issues>
166 verbose stack Error: node@10.6.0 preinstall: `node installArchSpecificPackage`
166 verbose stack Exit status 1
166 verbose stack     at EventEmitter.<anonymous> (/usr/lib/node_modules/npm/lib/utils/lifecycle.js:255:16)
166 verbose stack     at emitTwo (events.js:106:13)
166 verbose stack     at EventEmitter.emit (events.js:191:7)
166 verbose stack     at ChildProcess.<anonymous> (/usr/lib/node_modules/npm/lib/utils/spawn.js:40:14)
166 verbose stack     at emitTwo (events.js:106:13)
166 verbose stack     at ChildProcess.emit (events.js:191:7)
166 verbose stack     at maybeClose (internal/child_process.js:920:16)
166 verbose stack     at Process.ChildProcess._handle.onexit (internal/child_process.js:230:5)
167 verbose pkgid node@10.6.0
168 verbose cwd /local/ProgramasLocais/PostgreSQLDocker/TestePostgre10
169 error Linux 4.15.0-24-generic
170 error argv "/usr/bin/node" "/usr/bin/npm" "i" "node"
171 error node v6.14.1
172 error npm  v3.10.10
173 error code ELIFECYCLE
174 error node@10.6.0 preinstall: `node installArchSpecificPackage`
174 error Exit status 1
175 error Failed at the node@10.6.0 preinstall script 'node installArchSpecificPackage'.
175 error Make sure you have the latest version of node.js and npm installed.
175 error If you do, this is most likely a problem with the node package,
175 error not with npm itself.
175 error Tell the author that this fails on your system:
175 error     node installArchSpecificPackage
175 error You can get information on how to open an issue for this project with:
175 error     npm bugs node
175 error Or if that isn't available, you can get their info via:
175 error     npm owner ls node
175 error There is likely additional logging output above.
176 verbose exit [ 1, true ]
